<?xml version="1.0" encoding="UTF-8"?>
<!-- Generated by org.testng.reporters.JUnitReportReporter -->
<testsuite skipped="0" hostname="VDC01DLAP0359" name="com.cl.testcases.ExtentReportsDemo" tests="1" failures="0" timestamp="2022-07-20T12:04:44 IST" time="1.407" errors="0">
  <testcase name="login" time="1.407" classname="com.cl.testcases.ExtentReportsDemo"/>
  <system-out/>
</testsuite> <!-- com.cl.testcases.ExtentReportsDemo -->
