<?xml version="1.0" encoding="UTF-8"?>
<!-- Generated by org.testng.reporters.JUnitReportReporter -->
<testsuite name="com.cl.testcases.DSR_TC_06" tests="3" time="36.794" ignored="0" failures="0" timestamp="19 Aug 2022 10:01:09 GMT" skipped="0" hostname="VDC01DLAP0359" errors="0">
  <testcase name="clickOnSearchTextField" time="2.224" classname="com.cl.testcases.DSR_TC_06"/>
  <testcase name="deleteAllCoockies" time="2.240" classname="com.cl.testcases.DSR_TC_06"/>
  <testcase name="enterTextIntoSearchTextField" time="32.330" classname="com.cl.testcases.DSR_TC_06"/>
</testsuite> <!-- com.cl.testcases.DSR_TC_06 -->
