<?xml version="1.0" encoding="UTF-8"?>
<!-- Generated by org.testng.reporters.JUnitReportReporter -->
<testsuite name="com.cl.testcases.Dummy" tests="1" time="2.129" ignored="0" failures="0" timestamp="29 Jul 2022 12:03:25 GMT" skipped="0" hostname="VDC01DLAP0359" errors="0">
  <testcase name="deleteAllCoockies" time="2.129" classname="com.cl.testcases.Dummy"/>
</testsuite> <!-- com.cl.testcases.Dummy -->
