<?xml version="1.0" encoding="UTF-8"?>
<!-- Generated by org.testng.reporters.JUnitReportReporter -->
<testsuite skipped="0" hostname="VDC01DLAP0359" name="com.cl.utility.ExtentReportsTest" tests="1" failures="0" timestamp="2022-07-20T12:29:09 IST" time="0.842" errors="0">
  <testcase name="loginPage" time="0.842" classname="com.cl.utility.ExtentReportsTest"/>
  <system-out/>
</testsuite> <!-- com.cl.utility.ExtentReportsTest -->
