<?xml version="1.0" encoding="UTF-8"?>
<!-- Generated by org.testng.reporters.JUnitReportReporter -->
<testsuite name="com.cl.testcases.SAP_TC_05" tests="13" time="10.958" ignored="0" failures="0" timestamp="01 Aug 2022 13:40:51 GMT" skipped="0" hostname="VDC01DLAP0359" errors="0">
  <testcase name="verifypincodeCTA" time="0.693" classname="com.cl.testcases.SAP_TC_05"/>
  <testcase name="verifyAllOptions" time="0.823" classname="com.cl.testcases.SAP_TC_05"/>
  <testcase name="deleteAllCoockies" time="1.592" classname="com.cl.testcases.SAP_TC_05"/>
  <testcase name="verifyDeliverDropDown" time="0.557" classname="com.cl.testcases.SAP_TC_05"/>
  <testcase name="enterInvalidCode" time="1.044" classname="com.cl.testcases.SAP_TC_05"/>
  <testcase name="verifyErrorMessage" time="0.716" classname="com.cl.testcases.SAP_TC_05"/>
  <testcase name="verifyerrorMessage" time="0.667" classname="com.cl.testcases.SAP_TC_05"/>
  <testcase name="verifyApplayCTA" time="0.773" classname="com.cl.testcases.SAP_TC_05"/>
  <testcase name="gedescriptionText" time="0.682" classname="com.cl.testcases.SAP_TC_05"/>
  <testcase name="clickOnTheApplyCTA" time="1.180" classname="com.cl.testcases.SAP_TC_05"/>
  <testcase name="verifyctatext" time="0.645" classname="com.cl.testcases.SAP_TC_05"/>
  <testcase name="clickOnLocationPicto" time="0.901" classname="com.cl.testcases.SAP_TC_05"/>
  <testcase name="getHeaderText" time="0.685" classname="com.cl.testcases.SAP_TC_05"/>
</testsuite> <!-- com.cl.testcases.SAP_TC_05 -->
