<?xml version="1.0" encoding="UTF-8"?>
<testsuite xmlns:xsi="http://www.w3.org/2001/XMLSchema-instance" xsi:noNamespaceSchemaLocation="https://maven.apache.org/surefire/maven-surefire-plugin/xsd/surefire-test-report-3.0.xsd" version="3.0" name="TestSuite" time="75.427" tests="9" errors="0" skipped="0" failures="2">
  <properties>
    <property name="sun.desktop" value="windows"/>
    <property name="awt.toolkit" value="sun.awt.windows.WToolkit"/>
    <property name="file.encoding.pkg" value="sun.io"/>
    <property name="java.specification.version" value="1.8"/>
    <property name="webdriver.chrome.driver" value="./Drivers/chromedriver.exe"/>
    <property name="sun.cpu.isalist" value="amd64"/>
    <property name="sun.jnu.encoding" value="Cp1252"/>
    <property name="java.class.path" value="C:\Users\Chaitra.babar\Desktop\CL\Maven Project Test Demo\Framework\target\test-classes;C:\Users\Chaitra.babar\Desktop\CL\Maven Project Test Demo\Framework\target\classes;C:\Users\Chaitra.babar\.m2\repository\org\seleniumhq\selenium\selenium-java\4.3.0\selenium-java-4.3.0.jar;C:\Users\Chaitra.babar\.m2\repository\org\seleniumhq\selenium\selenium-api\4.3.0\selenium-api-4.3.0.jar;C:\Users\Chaitra.babar\.m2\repository\org\seleniumhq\selenium\selenium-chrome-driver\4.3.0\selenium-chrome-driver-4.3.0.jar;C:\Users\Chaitra.babar\.m2\repository\com\google\auto\service\auto-service-annotations\1.0.1\auto-service-annotations-1.0.1.jar;C:\Users\Chaitra.babar\.m2\repository\com\google\auto\service\auto-service\1.0.1\auto-service-1.0.1.jar;C:\Users\Chaitra.babar\.m2\repository\com\google\auto\auto-common\1.2\auto-common-1.2.jar;C:\Users\Chaitra.babar\.m2\repository\com\google\guava\guava\31.1-jre\guava-31.1-jre.jar;C:\Users\Chaitra.babar\.m2\repository\com\google\guava\failureaccess\1.0.1\failureaccess-1.0.1.jar;C:\Users\Chaitra.babar\.m2\repository\com\google\guava\listenablefuture\9999.0-empty-to-avoid-conflict-with-guava\listenablefuture-9999.0-empty-to-avoid-conflict-with-guava.jar;C:\Users\Chaitra.babar\.m2\repository\com\google\code\findbugs\jsr305\3.0.2\jsr305-3.0.2.jar;C:\Users\Chaitra.babar\.m2\repository\org\checkerframework\checker-qual\3.12.0\checker-qual-3.12.0.jar;C:\Users\Chaitra.babar\.m2\repository\com\google\errorprone\error_prone_annotations\2.11.0\error_prone_annotations-2.11.0.jar;C:\Users\Chaitra.babar\.m2\repository\com\google\j2objc\j2objc-annotations\1.3\j2objc-annotations-1.3.jar;C:\Users\Chaitra.babar\.m2\repository\org\seleniumhq\selenium\selenium-chromium-driver\4.3.0\selenium-chromium-driver-4.3.0.jar;C:\Users\Chaitra.babar\.m2\repository\org\seleniumhq\selenium\selenium-json\4.3.0\selenium-json-4.3.0.jar;C:\Users\Chaitra.babar\.m2\repository\org\seleniumhq\selenium\selenium-devtools-v101\4.3.0\selenium-devtools-v101-4.3.0.jar;C:\Users\Chaitra.babar\.m2\repository\org\seleniumhq\selenium\selenium-devtools-v102\4.3.0\selenium-devtools-v102-4.3.0.jar;C:\Users\Chaitra.babar\.m2\repository\org\seleniumhq\selenium\selenium-devtools-v103\4.3.0\selenium-devtools-v103-4.3.0.jar;C:\Users\Chaitra.babar\.m2\repository\org\seleniumhq\selenium\selenium-devtools-v85\4.3.0\selenium-devtools-v85-4.3.0.jar;C:\Users\Chaitra.babar\.m2\repository\org\seleniumhq\selenium\selenium-edge-driver\4.3.0\selenium-edge-driver-4.3.0.jar;C:\Users\Chaitra.babar\.m2\repository\org\seleniumhq\selenium\selenium-firefox-driver\4.3.0\selenium-firefox-driver-4.3.0.jar;C:\Users\Chaitra.babar\.m2\repository\org\seleniumhq\selenium\selenium-ie-driver\4.3.0\selenium-ie-driver-4.3.0.jar;C:\Users\Chaitra.babar\.m2\repository\org\seleniumhq\selenium\selenium-opera-driver\4.3.0\selenium-opera-driver-4.3.0.jar;C:\Users\Chaitra.babar\.m2\repository\org\seleniumhq\selenium\selenium-remote-driver\4.3.0\selenium-remote-driver-4.3.0.jar;C:\Users\Chaitra.babar\.m2\repository\io\netty\netty-buffer\4.1.78.Final\netty-buffer-4.1.78.Final.jar;C:\Users\Chaitra.babar\.m2\repository\io\netty\netty-codec-http\4.1.78.Final\netty-codec-http-4.1.78.Final.jar;C:\Users\Chaitra.babar\.m2\repository\io\netty\netty-codec\4.1.78.Final\netty-codec-4.1.78.Final.jar;C:\Users\Chaitra.babar\.m2\repository\io\netty\netty-handler\4.1.78.Final\netty-handler-4.1.78.Final.jar;C:\Users\Chaitra.babar\.m2\repository\io\netty\netty-common\4.1.78.Final\netty-common-4.1.78.Final.jar;C:\Users\Chaitra.babar\.m2\repository\io\netty\netty-transport-classes-epoll\4.1.78.Final\netty-transport-classes-epoll-4.1.78.Final.jar;C:\Users\Chaitra.babar\.m2\repository\io\netty\netty-transport-classes-kqueue\4.1.78.Final\netty-transport-classes-kqueue-4.1.78.Final.jar;C:\Users\Chaitra.babar\.m2\repository\io\netty\netty-transport-native-epoll\4.1.78.Final\netty-transport-native-epoll-4.1.78.Final.jar;C:\Users\Chaitra.babar\.m2\repository\io\netty\netty-transport-native-kqueue\4.1.78.Final\netty-transport-native-kqueue-4.1.78.Final.jar;C:\Users\Chaitra.babar\.m2\repository\io\netty\netty-transport-native-unix-common\4.1.78.Final\netty-transport-native-unix-common-4.1.78.Final.jar;C:\Users\Chaitra.babar\.m2\repository\io\netty\netty-transport\4.1.78.Final\netty-transport-4.1.78.Final.jar;C:\Users\Chaitra.babar\.m2\repository\io\netty\netty-resolver\4.1.78.Final\netty-resolver-4.1.78.Final.jar;C:\Users\Chaitra.babar\.m2\repository\io\opentelemetry\opentelemetry-api\1.15.0\opentelemetry-api-1.15.0.jar;C:\Users\Chaitra.babar\.m2\repository\io\opentelemetry\opentelemetry-context\1.15.0\opentelemetry-context-1.15.0.jar;C:\Users\Chaitra.babar\.m2\repository\io\opentelemetry\opentelemetry-exporter-logging\1.15.0\opentelemetry-exporter-logging-1.15.0.jar;C:\Users\Chaitra.babar\.m2\repository\io\opentelemetry\opentelemetry-sdk-metrics\1.15.0\opentelemetry-sdk-metrics-1.15.0.jar;C:\Users\Chaitra.babar\.m2\repository\io\opentelemetry\opentelemetry-sdk-logs\1.15.0-alpha\opentelemetry-sdk-logs-1.15.0-alpha.jar;C:\Users\Chaitra.babar\.m2\repository\io\opentelemetry\opentelemetry-sdk-common\1.15.0\opentelemetry-sdk-common-1.15.0.jar;C:\Users\Chaitra.babar\.m2\repository\io\opentelemetry\opentelemetry-sdk-extension-autoconfigure-spi\1.15.0\opentelemetry-sdk-extension-autoconfigure-spi-1.15.0.jar;C:\Users\Chaitra.babar\.m2\repository\io\opentelemetry\opentelemetry-sdk-extension-autoconfigure\1.15.0-alpha\opentelemetry-sdk-extension-autoconfigure-1.15.0-alpha.jar;C:\Users\Chaitra.babar\.m2\repository\io\opentelemetry\opentelemetry-sdk-trace\1.15.0\opentelemetry-sdk-trace-1.15.0.jar;C:\Users\Chaitra.babar\.m2\repository\io\opentelemetry\opentelemetry-sdk\1.15.0\opentelemetry-sdk-1.15.0.jar;C:\Users\Chaitra.babar\.m2\repository\io\opentelemetry\opentelemetry-semconv\1.15.0-alpha\opentelemetry-semconv-1.15.0-alpha.jar;C:\Users\Chaitra.babar\.m2\repository\io\ous\jtoml\2.0.0\jtoml-2.0.0.jar;C:\Users\Chaitra.babar\.m2\repository\net\bytebuddy\byte-buddy\1.12.10\byte-buddy-1.12.10.jar;C:\Users\Chaitra.babar\.m2\repository\org\apache\commons\commons-exec\1.3\commons-exec-1.3.jar;C:\Users\Chaitra.babar\.m2\repository\org\asynchttpclient\async-http-client\2.12.3\async-http-client-2.12.3.jar;C:\Users\Chaitra.babar\.m2\repository\org\asynchttpclient\async-http-client-netty-utils\2.12.3\async-http-client-netty-utils-2.12.3.jar;C:\Users\Chaitra.babar\.m2\repository\io\netty\netty-codec-socks\4.1.60.Final\netty-codec-socks-4.1.60.Final.jar;C:\Users\Chaitra.babar\.m2\repository\io\netty\netty-handler-proxy\4.1.60.Final\netty-handler-proxy-4.1.60.Final.jar;C:\Users\Chaitra.babar\.m2\repository\io\netty\netty-transport-native-epoll\4.1.60.Final\netty-transport-native-epoll-4.1.60.Final-linux-x86_64.jar;C:\Users\Chaitra.babar\.m2\repository\io\netty\netty-transport-native-kqueue\4.1.60.Final\netty-transport-native-kqueue-4.1.60.Final-osx-x86_64.jar;C:\Users\Chaitra.babar\.m2\repository\org\reactivestreams\reactive-streams\1.0.3\reactive-streams-1.0.3.jar;C:\Users\Chaitra.babar\.m2\repository\com\typesafe\netty\netty-reactive-streams\2.0.4\netty-reactive-streams-2.0.4.jar;C:\Users\Chaitra.babar\.m2\repository\com\sun\activation\jakarta.activation\1.2.2\jakarta.activation-1.2.2.jar;C:\Users\Chaitra.babar\.m2\repository\org\seleniumhq\selenium\selenium-http\4.3.0\selenium-http-4.3.0.jar;C:\Users\Chaitra.babar\.m2\repository\dev\failsafe\failsafe\3.2.4\failsafe-3.2.4.jar;C:\Users\Chaitra.babar\.m2\repository\org\seleniumhq\selenium\selenium-safari-driver\4.3.0\selenium-safari-driver-4.3.0.jar;C:\Users\Chaitra.babar\.m2\repository\org\seleniumhq\selenium\selenium-support\4.3.0\selenium-support-4.3.0.jar;C:\Users\Chaitra.babar\.m2\repository\io\github\bonigarcia\webdrivermanager\5.2.1\webdrivermanager-5.2.1.jar;C:\Users\Chaitra.babar\.m2\repository\org\slf4j\slf4j-api\1.7.36\slf4j-api-1.7.36.jar;C:\Users\Chaitra.babar\.m2\repository\com\google\code\gson\gson\2.9.0\gson-2.9.0.jar;C:\Users\Chaitra.babar\.m2\repository\com\github\docker-java\docker-java\3.2.13\docker-java-3.2.13.jar;C:\Users\Chaitra.babar\.m2\repository\com\github\docker-java\docker-java-core\3.2.13\docker-java-core-3.2.13.jar;C:\Users\Chaitra.babar\.m2\repository\com\github\docker-java\docker-java-api\3.2.13\docker-java-api-3.2.13.jar;C:\Users\Chaitra.babar\.m2\repository\com\fasterxml\jackson\core\jackson-annotations\2.10.3\jackson-annotations-2.10.3.jar;C:\Users\Chaitra.babar\.m2\repository\commons-io\commons-io\2.6\commons-io-2.6.jar;C:\Users\Chaitra.babar\.m2\repository\com\fasterxml\jackson\core\jackson-databind\2.10.3\jackson-databind-2.10.3.jar;C:\Users\Chaitra.babar\.m2\repository\com\fasterxml\jackson\core\jackson-core\2.10.3\jackson-core-2.10.3.jar;C:\Users\Chaitra.babar\.m2\repository\org\bouncycastle\bcpkix-jdk15on\1.64\bcpkix-jdk15on-1.64.jar;C:\Users\Chaitra.babar\.m2\repository\org\bouncycastle\bcprov-jdk15on\1.64\bcprov-jdk15on-1.64.jar;C:\Users\Chaitra.babar\.m2\repository\org\slf4j\jcl-over-slf4j\1.7.30\jcl-over-slf4j-1.7.30.jar;C:\Users\Chaitra.babar\.m2\repository\com\github\docker-java\docker-java-transport-httpclient5\3.2.13\docker-java-transport-httpclient5-3.2.13.jar;C:\Users\Chaitra.babar\.m2\repository\com\github\docker-java\docker-java-transport\3.2.13\docker-java-transport-3.2.13.jar;C:\Users\Chaitra.babar\.m2\repository\net\java\dev\jna\jna\5.8.0\jna-5.8.0.jar;C:\Users\Chaitra.babar\.m2\repository\org\brotli\dec\0.1.2\dec-0.1.2.jar;C:\Users\Chaitra.babar\.m2\repository\org\apache\commons\commons-lang3\3.12.0\commons-lang3-3.12.0.jar;C:\Users\Chaitra.babar\.m2\repository\org\apache\httpcomponents\client5\httpclient5\5.1.3\httpclient5-5.1.3.jar;C:\Users\Chaitra.babar\.m2\repository\org\apache\httpcomponents\core5\httpcore5\5.1.3\httpcore5-5.1.3.jar;C:\Users\Chaitra.babar\.m2\repository\org\apache\httpcomponents\core5\httpcore5-h2\5.1.3\httpcore5-h2-5.1.3.jar;C:\Users\Chaitra.babar\.m2\repository\org\testng\testng\7.4.0\testng-7.4.0.jar;C:\Users\Chaitra.babar\.m2\repository\com\beust\jcommander\1.78\jcommander-1.78.jar;C:\Users\Chaitra.babar\.m2\repository\org\webjars\jquery\3.5.1\jquery-3.5.1.jar;C:\Users\Chaitra.babar\.m2\repository\io\github\qsy7\java\modules\browser\drivers\chromedriver\0.1.2\chromedriver-0.1.2.jar;C:\Users\Chaitra.babar\.m2\repository\io\github\qsy7\java\modules\browser\api\service\0.1.2\service-0.1.2.jar;C:\Users\Chaitra.babar\.m2\repository\io\github\qsy7\java\modules\browser\api\model\0.1.2\model-0.1.2.jar;C:\Users\Chaitra.babar\.m2\repository\io\github\qsy7\java\infrastructure\property\api\0.1.2\api-0.1.2.jar;C:\Users\Chaitra.babar\.m2\repository\org\reflections\reflections\0.10.2\reflections-0.10.2.jar;C:\Users\Chaitra.babar\.m2\repository\org\javassist\javassist\3.28.0-GA\javassist-3.28.0-GA.jar;C:\Users\Chaitra.babar\.m2\repository\org\dom4j\dom4j\2.1.3\dom4j-2.1.3.jar;C:\Users\Chaitra.babar\.m2\repository\io\github\qsy7\java\modules\identity\api\model\0.1.2\model-0.1.2.jar;C:\Users\Chaitra.babar\.m2\repository\io\github\qsy7\java\modules\person\api\model\0.1.2\model-0.1.2.jar;C:\Users\Chaitra.babar\.m2\repository\org\passay\passay\1.6.1\passay-1.6.1.jar;C:\Users\Chaitra.babar\.m2\repository\io\github\qsy7\java\modules\serialization\api\service\0.1.2\service-0.1.2.jar;C:\Users\Chaitra.babar\.m2\repository\io\github\qsy7\java\modules\serialization\api\model\0.1.2\model-0.1.2.jar;C:\Users\Chaitra.babar\.m2\repository\io\github\qsy7\java\modules\keep-alive\0.1.2\keep-alive-0.1.2.jar;C:\Users\Chaitra.babar\.m2\repository\io\github\qsy7\java\modules\file\modules\resources\0.1.2\resources-0.1.2.jar;C:\Users\Chaitra.babar\.m2\repository\io\github\qsy7\java\infrastructure\inject\modules\cli\api\0.1.2\api-0.1.2.jar;C:\Users\Chaitra.babar\.m2\repository\io\github\qsy7\java\aspects\closeable\0.1.2\closeable-0.1.2.jar;C:\Users\Chaitra.babar\.m2\repository\net\bytebuddy\byte-buddy-agent\1.12.0\byte-buddy-agent-1.12.0.jar;C:\Users\Chaitra.babar\.m2\repository\io\github\qsy7\java\infrastructure\datastore\api\repository\0.1.2\repository-0.1.2.jar;C:\Users\Chaitra.babar\.m2\repository\io\github\qsy7\java\infrastructure\datastore\api\model\0.1.2\model-0.1.2.jar;C:\Users\Chaitra.babar\.m2\repository\javax\persistence\javax.persistence-api\2.2\javax.persistence-api-2.2.jar;C:\Users\Chaitra.babar\.m2\repository\javax\xml\bind\jaxb-api\2.4.0-b180830.0359\jaxb-api-2.4.0-b180830.0359.jar;C:\Users\Chaitra.babar\.m2\repository\javax\activation\javax.activation-api\1.2.0\javax.activation-api-1.2.0.jar;C:\Users\Chaitra.babar\.m2\repository\com\sun\xml\bind\jaxb-core\3.0.2\jaxb-core-3.0.2.jar;C:\Users\Chaitra.babar\.m2\repository\jakarta\xml\bind\jakarta.xml.bind-api\3.0.1\jakarta.xml.bind-api-3.0.1.jar;C:\Users\Chaitra.babar\.m2\repository\com\sun\xml\bind\jaxb-impl\3.0.2\jaxb-impl-3.0.2.jar;C:\Users\Chaitra.babar\.m2\repository\javax\transaction\javax.transaction-api\1.3\javax.transaction-api-1.3.jar;C:\Users\Chaitra.babar\.m2\repository\io\github\qsy7\java\modules\browser\impl\0.1.2\impl-0.1.2.jar;C:\Users\Chaitra.babar\.m2\repository\io\github\qsy7\java\modules\file\api\service\0.1.2\service-0.1.2.jar;C:\Users\Chaitra.babar\.m2\repository\io\github\qsy7\java\modules\file\api\model\0.1.2\model-0.1.2.jar;C:\Users\Chaitra.babar\.m2\repository\io\github\qsy7\java\modules\file\impl\0.1.2\impl-0.1.2.jar;C:\Users\Chaitra.babar\.m2\repository\io\github\qsy7\java\modules\compression\api\service\0.1.2\service-0.1.2.jar;C:\Users\Chaitra.babar\.m2\repository\io\github\qsy7\java\modules\compression\api\model\0.1.2\model-0.1.2.jar;C:\Users\Chaitra.babar\.m2\repository\org\tukaani\xz\1.9\xz-1.9.jar;C:\Users\Chaitra.babar\.m2\repository\io\github\qsy7\java\modules\compression\modules\xz\impl\0.1.2\impl-0.1.2.jar;C:\Users\Chaitra.babar\.m2\repository\io\github\qsy7\java\modules\encryption\api\0.1.2\api-0.1.2.jar;C:\Users\Chaitra.babar\.m2\repository\io\github\qsy7\java\modules\encryption\impl\0.1.2\impl-0.1.2.jar;C:\Users\Chaitra.babar\.m2\repository\org\apache\commons\commons-text\1.9\commons-text-1.9.jar;C:\Users\Chaitra.babar\.m2\repository\org\apache\commons\commons-crypto\1.1.0\commons-crypto-1.1.0.jar;C:\Users\Chaitra.babar\.m2\repository\io\github\qsy7\java\infrastructure\inject\core\0.1.2\core-0.1.2.jar;C:\Users\Chaitra.babar\.m2\repository\javax\inject\javax.inject\1\javax.inject-1.jar;C:\Users\Chaitra.babar\.m2\repository\io\github\qsy7\java\infrastructure\property\impl\0.1.2\impl-0.1.2.jar;C:\Users\Chaitra.babar\.m2\repository\io\github\qsy7\java\aspects\logging\api\0.1.2\api-0.1.2.jar;C:\Users\Chaitra.babar\.m2\repository\javax\enterprise\cdi-api\2.0.SP1\cdi-api-2.0.SP1.jar;C:\Users\Chaitra.babar\.m2\repository\javax\el\javax.el-api\3.0.0\javax.el-api-3.0.0.jar;C:\Users\Chaitra.babar\.m2\repository\javax\interceptor\javax.interceptor-api\1.2\javax.interceptor-api-1.2.jar;C:\Users\Chaitra.babar\.m2\repository\io\github\qsy7\java\infrastructure\property\modules\environment\0.1.2\environment-0.1.2.jar;C:\Users\Chaitra.babar\.m2\repository\io\github\qsy7\java\infrastructure\property\modules\manifest\0.1.2\manifest-0.1.2.jar;C:\Users\Chaitra.babar\.m2\repository\com\jcabi\jcabi-manifests\1.1\jcabi-manifests-1.1.jar;C:\Users\Chaitra.babar\.m2\repository\com\jcabi\jcabi-log\0.14\jcabi-log-0.14.jar;C:\Users\Chaitra.babar\.m2\repository\io\github\qsy7\java\modules\shell\api\model\0.1.2\model-0.1.2.jar;C:\Users\Chaitra.babar\.m2\repository\io\github\qsy7\java\infrastructure\datastore\impl\0.1.2\impl-0.1.2.jar;C:\Users\Chaitra.babar\.m2\repository\com\google\inject\extensions\guice-multibindings\4.2.2\guice-multibindings-4.2.2.jar;C:\Users\Chaitra.babar\.m2\repository\com\google\inject\guice\4.2.2\guice-4.2.2.jar;C:\Users\Chaitra.babar\.m2\repository\aopalliance\aopalliance\1.0\aopalliance-1.0.jar;C:\Users\Chaitra.babar\.m2\repository\com\machinepublishers\jbrowserdriver\1.1.1\jbrowserdriver-1.1.1.jar;C:\Users\Chaitra.babar\.m2\repository\org\apache\httpcomponents\httpclient-cache\4.5.10\httpclient-cache-4.5.10.jar;C:\Users\Chaitra.babar\.m2\repository\org\seleniumhq\selenium\selenium-server\4.0.0-alpha-2\selenium-server-4.0.0-alpha-2.jar;C:\Users\Chaitra.babar\.m2\repository\org\zeroturnaround\zt-process-killer\1.10\zt-process-killer-1.10.jar;C:\Users\Chaitra.babar\.m2\repository\org\zeroturnaround\zt-exec\1.7\zt-exec-1.7.jar;C:\Users\Chaitra.babar\.m2\repository\io\github\classgraph\classgraph\4.8.47\classgraph-4.8.47.jar;C:\Users\Chaitra.babar\.m2\repository\commons-lang\commons-lang\2.6\commons-lang-2.6.jar;C:\Users\Chaitra.babar\.m2\repository\xml-apis\xml-apis\1.0.b2\xml-apis-1.0.b2.jar;C:\Users\Chaitra.babar\.m2\repository\com\aventstack\extentreports\4.0.9\extentreports-4.0.9.jar;C:\Users\Chaitra.babar\.m2\repository\org\freemarker\freemarker\2.3.23\freemarker-2.3.23.jar;C:\Users\Chaitra.babar\.m2\repository\org\mongodb\mongodb-driver\3.3.0\mongodb-driver-3.3.0.jar;C:\Users\Chaitra.babar\.m2\repository\org\mongodb\mongodb-driver-core\3.3.0\mongodb-driver-core-3.3.0.jar;C:\Users\Chaitra.babar\.m2\repository\org\mongodb\bson\3.3.0\bson-3.3.0.jar;C:\Users\Chaitra.babar\.m2\repository\org\apache\httpcomponents\httpclient\4.5.2\httpclient-4.5.2.jar;C:\Users\Chaitra.babar\.m2\repository\org\apache\httpcomponents\httpcore\4.4.4\httpcore-4.4.4.jar;C:\Users\Chaitra.babar\.m2\repository\commons-logging\commons-logging\1.2\commons-logging-1.2.jar;C:\Users\Chaitra.babar\.m2\repository\org\apache\httpcomponents\httpmime\4.5.2\httpmime-4.5.2.jar;C:\Users\Chaitra.babar\.m2\repository\org\apache\poi\poi\4.1.2\poi-4.1.2.jar;C:\Users\Chaitra.babar\.m2\repository\commons-codec\commons-codec\1.13\commons-codec-1.13.jar;C:\Users\Chaitra.babar\.m2\repository\org\apache\commons\commons-collections4\4.4\commons-collections4-4.4.jar;C:\Users\Chaitra.babar\.m2\repository\org\apache\commons\commons-math3\3.6.1\commons-math3-3.6.1.jar;C:\Users\Chaitra.babar\.m2\repository\com\zaxxer\SparseBitSet\1.2\SparseBitSet-1.2.jar;C:\Users\Chaitra.babar\.m2\repository\org\apache\poi\poi-ooxml\4.1.2\poi-ooxml-4.1.2.jar;C:\Users\Chaitra.babar\.m2\repository\org\apache\poi\poi-ooxml-schemas\4.1.2\poi-ooxml-schemas-4.1.2.jar;C:\Users\Chaitra.babar\.m2\repository\org\apache\xmlbeans\xmlbeans\3.1.0\xmlbeans-3.1.0.jar;C:\Users\Chaitra.babar\.m2\repository\org\apache\commons\commons-compress\1.19\commons-compress-1.19.jar;C:\Users\Chaitra.babar\.m2\repository\com\github\virtuald\curvesapi\1.06\curvesapi-1.06.jar;"/>
    <property name="java.vm.vendor" value="Oracle Corporation"/>
    <property name="sun.arch.data.model" value="64"/>
    <property name="user.variant" value=""/>
    <property name="java.vendor.url" value="http://java.oracle.com/"/>
    <property name="user.timezone" value="Asia/Calcutta"/>
    <property name="java.vm.specification.version" value="1.8"/>
    <property name="os.name" value="Windows 10"/>
    <property name="user.country" value="IN"/>
    <property name="sun.java.launcher" value="SUN_STANDARD"/>
    <property name="sun.boot.library.path" value="C:\Program Files\Java\jdk1.8.0_121\jre\bin"/>
    <property name="sun.java.command" value="C:\Users\Chaitra.babar\AppData\Local\Temp\surefire5475146634880150530\surefirebooter4940801239467102936.jar C:\Users\Chaitra.babar\AppData\Local\Temp\surefire5475146634880150530 2022-08-16T15-30-44_492-jvmRun1 surefire5642807022891437469tmp surefire_06289516489623349768tmp"/>
    <property name="surefire.test.class.path" value="C:\Users\Chaitra.babar\Desktop\CL\Maven Project Test Demo\Framework\target\test-classes;C:\Users\Chaitra.babar\Desktop\CL\Maven Project Test Demo\Framework\target\classes;C:\Users\Chaitra.babar\.m2\repository\org\seleniumhq\selenium\selenium-java\4.3.0\selenium-java-4.3.0.jar;C:\Users\Chaitra.babar\.m2\repository\org\seleniumhq\selenium\selenium-api\4.3.0\selenium-api-4.3.0.jar;C:\Users\Chaitra.babar\.m2\repository\org\seleniumhq\selenium\selenium-chrome-driver\4.3.0\selenium-chrome-driver-4.3.0.jar;C:\Users\Chaitra.babar\.m2\repository\com\google\auto\service\auto-service-annotations\1.0.1\auto-service-annotations-1.0.1.jar;C:\Users\Chaitra.babar\.m2\repository\com\google\auto\service\auto-service\1.0.1\auto-service-1.0.1.jar;C:\Users\Chaitra.babar\.m2\repository\com\google\auto\auto-common\1.2\auto-common-1.2.jar;C:\Users\Chaitra.babar\.m2\repository\com\google\guava\guava\31.1-jre\guava-31.1-jre.jar;C:\Users\Chaitra.babar\.m2\repository\com\google\guava\failureaccess\1.0.1\failureaccess-1.0.1.jar;C:\Users\Chaitra.babar\.m2\repository\com\google\guava\listenablefuture\9999.0-empty-to-avoid-conflict-with-guava\listenablefuture-9999.0-empty-to-avoid-conflict-with-guava.jar;C:\Users\Chaitra.babar\.m2\repository\com\google\code\findbugs\jsr305\3.0.2\jsr305-3.0.2.jar;C:\Users\Chaitra.babar\.m2\repository\org\checkerframework\checker-qual\3.12.0\checker-qual-3.12.0.jar;C:\Users\Chaitra.babar\.m2\repository\com\google\errorprone\error_prone_annotations\2.11.0\error_prone_annotations-2.11.0.jar;C:\Users\Chaitra.babar\.m2\repository\com\google\j2objc\j2objc-annotations\1.3\j2objc-annotations-1.3.jar;C:\Users\Chaitra.babar\.m2\repository\org\seleniumhq\selenium\selenium-chromium-driver\4.3.0\selenium-chromium-driver-4.3.0.jar;C:\Users\Chaitra.babar\.m2\repository\org\seleniumhq\selenium\selenium-json\4.3.0\selenium-json-4.3.0.jar;C:\Users\Chaitra.babar\.m2\repository\org\seleniumhq\selenium\selenium-devtools-v101\4.3.0\selenium-devtools-v101-4.3.0.jar;C:\Users\Chaitra.babar\.m2\repository\org\seleniumhq\selenium\selenium-devtools-v102\4.3.0\selenium-devtools-v102-4.3.0.jar;C:\Users\Chaitra.babar\.m2\repository\org\seleniumhq\selenium\selenium-devtools-v103\4.3.0\selenium-devtools-v103-4.3.0.jar;C:\Users\Chaitra.babar\.m2\repository\org\seleniumhq\selenium\selenium-devtools-v85\4.3.0\selenium-devtools-v85-4.3.0.jar;C:\Users\Chaitra.babar\.m2\repository\org\seleniumhq\selenium\selenium-edge-driver\4.3.0\selenium-edge-driver-4.3.0.jar;C:\Users\Chaitra.babar\.m2\repository\org\seleniumhq\selenium\selenium-firefox-driver\4.3.0\selenium-firefox-driver-4.3.0.jar;C:\Users\Chaitra.babar\.m2\repository\org\seleniumhq\selenium\selenium-ie-driver\4.3.0\selenium-ie-driver-4.3.0.jar;C:\Users\Chaitra.babar\.m2\repository\org\seleniumhq\selenium\selenium-opera-driver\4.3.0\selenium-opera-driver-4.3.0.jar;C:\Users\Chaitra.babar\.m2\repository\org\seleniumhq\selenium\selenium-remote-driver\4.3.0\selenium-remote-driver-4.3.0.jar;C:\Users\Chaitra.babar\.m2\repository\io\netty\netty-buffer\4.1.78.Final\netty-buffer-4.1.78.Final.jar;C:\Users\Chaitra.babar\.m2\repository\io\netty\netty-codec-http\4.1.78.Final\netty-codec-http-4.1.78.Final.jar;C:\Users\Chaitra.babar\.m2\repository\io\netty\netty-codec\4.1.78.Final\netty-codec-4.1.78.Final.jar;C:\Users\Chaitra.babar\.m2\repository\io\netty\netty-handler\4.1.78.Final\netty-handler-4.1.78.Final.jar;C:\Users\Chaitra.babar\.m2\repository\io\netty\netty-common\4.1.78.Final\netty-common-4.1.78.Final.jar;C:\Users\Chaitra.babar\.m2\repository\io\netty\netty-transport-classes-epoll\4.1.78.Final\netty-transport-classes-epoll-4.1.78.Final.jar;C:\Users\Chaitra.babar\.m2\repository\io\netty\netty-transport-classes-kqueue\4.1.78.Final\netty-transport-classes-kqueue-4.1.78.Final.jar;C:\Users\Chaitra.babar\.m2\repository\io\netty\netty-transport-native-epoll\4.1.78.Final\netty-transport-native-epoll-4.1.78.Final.jar;C:\Users\Chaitra.babar\.m2\repository\io\netty\netty-transport-native-kqueue\4.1.78.Final\netty-transport-native-kqueue-4.1.78.Final.jar;C:\Users\Chaitra.babar\.m2\repository\io\netty\netty-transport-native-unix-common\4.1.78.Final\netty-transport-native-unix-common-4.1.78.Final.jar;C:\Users\Chaitra.babar\.m2\repository\io\netty\netty-transport\4.1.78.Final\netty-transport-4.1.78.Final.jar;C:\Users\Chaitra.babar\.m2\repository\io\netty\netty-resolver\4.1.78.Final\netty-resolver-4.1.78.Final.jar;C:\Users\Chaitra.babar\.m2\repository\io\opentelemetry\opentelemetry-api\1.15.0\opentelemetry-api-1.15.0.jar;C:\Users\Chaitra.babar\.m2\repository\io\opentelemetry\opentelemetry-context\1.15.0\opentelemetry-context-1.15.0.jar;C:\Users\Chaitra.babar\.m2\repository\io\opentelemetry\opentelemetry-exporter-logging\1.15.0\opentelemetry-exporter-logging-1.15.0.jar;C:\Users\Chaitra.babar\.m2\repository\io\opentelemetry\opentelemetry-sdk-metrics\1.15.0\opentelemetry-sdk-metrics-1.15.0.jar;C:\Users\Chaitra.babar\.m2\repository\io\opentelemetry\opentelemetry-sdk-logs\1.15.0-alpha\opentelemetry-sdk-logs-1.15.0-alpha.jar;C:\Users\Chaitra.babar\.m2\repository\io\opentelemetry\opentelemetry-sdk-common\1.15.0\opentelemetry-sdk-common-1.15.0.jar;C:\Users\Chaitra.babar\.m2\repository\io\opentelemetry\opentelemetry-sdk-extension-autoconfigure-spi\1.15.0\opentelemetry-sdk-extension-autoconfigure-spi-1.15.0.jar;C:\Users\Chaitra.babar\.m2\repository\io\opentelemetry\opentelemetry-sdk-extension-autoconfigure\1.15.0-alpha\opentelemetry-sdk-extension-autoconfigure-1.15.0-alpha.jar;C:\Users\Chaitra.babar\.m2\repository\io\opentelemetry\opentelemetry-sdk-trace\1.15.0\opentelemetry-sdk-trace-1.15.0.jar;C:\Users\Chaitra.babar\.m2\repository\io\opentelemetry\opentelemetry-sdk\1.15.0\opentelemetry-sdk-1.15.0.jar;C:\Users\Chaitra.babar\.m2\repository\io\opentelemetry\opentelemetry-semconv\1.15.0-alpha\opentelemetry-semconv-1.15.0-alpha.jar;C:\Users\Chaitra.babar\.m2\repository\io\ous\jtoml\2.0.0\jtoml-2.0.0.jar;C:\Users\Chaitra.babar\.m2\repository\net\bytebuddy\byte-buddy\1.12.10\byte-buddy-1.12.10.jar;C:\Users\Chaitra.babar\.m2\repository\org\apache\commons\commons-exec\1.3\commons-exec-1.3.jar;C:\Users\Chaitra.babar\.m2\repository\org\asynchttpclient\async-http-client\2.12.3\async-http-client-2.12.3.jar;C:\Users\Chaitra.babar\.m2\repository\org\asynchttpclient\async-http-client-netty-utils\2.12.3\async-http-client-netty-utils-2.12.3.jar;C:\Users\Chaitra.babar\.m2\repository\io\netty\netty-codec-socks\4.1.60.Final\netty-codec-socks-4.1.60.Final.jar;C:\Users\Chaitra.babar\.m2\repository\io\netty\netty-handler-proxy\4.1.60.Final\netty-handler-proxy-4.1.60.Final.jar;C:\Users\Chaitra.babar\.m2\repository\io\netty\netty-transport-native-epoll\4.1.60.Final\netty-transport-native-epoll-4.1.60.Final-linux-x86_64.jar;C:\Users\Chaitra.babar\.m2\repository\io\netty\netty-transport-native-kqueue\4.1.60.Final\netty-transport-native-kqueue-4.1.60.Final-osx-x86_64.jar;C:\Users\Chaitra.babar\.m2\repository\org\reactivestreams\reactive-streams\1.0.3\reactive-streams-1.0.3.jar;C:\Users\Chaitra.babar\.m2\repository\com\typesafe\netty\netty-reactive-streams\2.0.4\netty-reactive-streams-2.0.4.jar;C:\Users\Chaitra.babar\.m2\repository\com\sun\activation\jakarta.activation\1.2.2\jakarta.activation-1.2.2.jar;C:\Users\Chaitra.babar\.m2\repository\org\seleniumhq\selenium\selenium-http\4.3.0\selenium-http-4.3.0.jar;C:\Users\Chaitra.babar\.m2\repository\dev\failsafe\failsafe\3.2.4\failsafe-3.2.4.jar;C:\Users\Chaitra.babar\.m2\repository\org\seleniumhq\selenium\selenium-safari-driver\4.3.0\selenium-safari-driver-4.3.0.jar;C:\Users\Chaitra.babar\.m2\repository\org\seleniumhq\selenium\selenium-support\4.3.0\selenium-support-4.3.0.jar;C:\Users\Chaitra.babar\.m2\repository\io\github\bonigarcia\webdrivermanager\5.2.1\webdrivermanager-5.2.1.jar;C:\Users\Chaitra.babar\.m2\repository\org\slf4j\slf4j-api\1.7.36\slf4j-api-1.7.36.jar;C:\Users\Chaitra.babar\.m2\repository\com\google\code\gson\gson\2.9.0\gson-2.9.0.jar;C:\Users\Chaitra.babar\.m2\repository\com\github\docker-java\docker-java\3.2.13\docker-java-3.2.13.jar;C:\Users\Chaitra.babar\.m2\repository\com\github\docker-java\docker-java-core\3.2.13\docker-java-core-3.2.13.jar;C:\Users\Chaitra.babar\.m2\repository\com\github\docker-java\docker-java-api\3.2.13\docker-java-api-3.2.13.jar;C:\Users\Chaitra.babar\.m2\repository\com\fasterxml\jackson\core\jackson-annotations\2.10.3\jackson-annotations-2.10.3.jar;C:\Users\Chaitra.babar\.m2\repository\commons-io\commons-io\2.6\commons-io-2.6.jar;C:\Users\Chaitra.babar\.m2\repository\com\fasterxml\jackson\core\jackson-databind\2.10.3\jackson-databind-2.10.3.jar;C:\Users\Chaitra.babar\.m2\repository\com\fasterxml\jackson\core\jackson-core\2.10.3\jackson-core-2.10.3.jar;C:\Users\Chaitra.babar\.m2\repository\org\bouncycastle\bcpkix-jdk15on\1.64\bcpkix-jdk15on-1.64.jar;C:\Users\Chaitra.babar\.m2\repository\org\bouncycastle\bcprov-jdk15on\1.64\bcprov-jdk15on-1.64.jar;C:\Users\Chaitra.babar\.m2\repository\org\slf4j\jcl-over-slf4j\1.7.30\jcl-over-slf4j-1.7.30.jar;C:\Users\Chaitra.babar\.m2\repository\com\github\docker-java\docker-java-transport-httpclient5\3.2.13\docker-java-transport-httpclient5-3.2.13.jar;C:\Users\Chaitra.babar\.m2\repository\com\github\docker-java\docker-java-transport\3.2.13\docker-java-transport-3.2.13.jar;C:\Users\Chaitra.babar\.m2\repository\net\java\dev\jna\jna\5.8.0\jna-5.8.0.jar;C:\Users\Chaitra.babar\.m2\repository\org\brotli\dec\0.1.2\dec-0.1.2.jar;C:\Users\Chaitra.babar\.m2\repository\org\apache\commons\commons-lang3\3.12.0\commons-lang3-3.12.0.jar;C:\Users\Chaitra.babar\.m2\repository\org\apache\httpcomponents\client5\httpclient5\5.1.3\httpclient5-5.1.3.jar;C:\Users\Chaitra.babar\.m2\repository\org\apache\httpcomponents\core5\httpcore5\5.1.3\httpcore5-5.1.3.jar;C:\Users\Chaitra.babar\.m2\repository\org\apache\httpcomponents\core5\httpcore5-h2\5.1.3\httpcore5-h2-5.1.3.jar;C:\Users\Chaitra.babar\.m2\repository\org\testng\testng\7.4.0\testng-7.4.0.jar;C:\Users\Chaitra.babar\.m2\repository\com\beust\jcommander\1.78\jcommander-1.78.jar;C:\Users\Chaitra.babar\.m2\repository\org\webjars\jquery\3.5.1\jquery-3.5.1.jar;C:\Users\Chaitra.babar\.m2\repository\io\github\qsy7\java\modules\browser\drivers\chromedriver\0.1.2\chromedriver-0.1.2.jar;C:\Users\Chaitra.babar\.m2\repository\io\github\qsy7\java\modules\browser\api\service\0.1.2\service-0.1.2.jar;C:\Users\Chaitra.babar\.m2\repository\io\github\qsy7\java\modules\browser\api\model\0.1.2\model-0.1.2.jar;C:\Users\Chaitra.babar\.m2\repository\io\github\qsy7\java\infrastructure\property\api\0.1.2\api-0.1.2.jar;C:\Users\Chaitra.babar\.m2\repository\org\reflections\reflections\0.10.2\reflections-0.10.2.jar;C:\Users\Chaitra.babar\.m2\repository\org\javassist\javassist\3.28.0-GA\javassist-3.28.0-GA.jar;C:\Users\Chaitra.babar\.m2\repository\org\dom4j\dom4j\2.1.3\dom4j-2.1.3.jar;C:\Users\Chaitra.babar\.m2\repository\io\github\qsy7\java\modules\identity\api\model\0.1.2\model-0.1.2.jar;C:\Users\Chaitra.babar\.m2\repository\io\github\qsy7\java\modules\person\api\model\0.1.2\model-0.1.2.jar;C:\Users\Chaitra.babar\.m2\repository\org\passay\passay\1.6.1\passay-1.6.1.jar;C:\Users\Chaitra.babar\.m2\repository\io\github\qsy7\java\modules\serialization\api\service\0.1.2\service-0.1.2.jar;C:\Users\Chaitra.babar\.m2\repository\io\github\qsy7\java\modules\serialization\api\model\0.1.2\model-0.1.2.jar;C:\Users\Chaitra.babar\.m2\repository\io\github\qsy7\java\modules\keep-alive\0.1.2\keep-alive-0.1.2.jar;C:\Users\Chaitra.babar\.m2\repository\io\github\qsy7\java\modules\file\modules\resources\0.1.2\resources-0.1.2.jar;C:\Users\Chaitra.babar\.m2\repository\io\github\qsy7\java\infrastructure\inject\modules\cli\api\0.1.2\api-0.1.2.jar;C:\Users\Chaitra.babar\.m2\repository\io\github\qsy7\java\aspects\closeable\0.1.2\closeable-0.1.2.jar;C:\Users\Chaitra.babar\.m2\repository\net\bytebuddy\byte-buddy-agent\1.12.0\byte-buddy-agent-1.12.0.jar;C:\Users\Chaitra.babar\.m2\repository\io\github\qsy7\java\infrastructure\datastore\api\repository\0.1.2\repository-0.1.2.jar;C:\Users\Chaitra.babar\.m2\repository\io\github\qsy7\java\infrastructure\datastore\api\model\0.1.2\model-0.1.2.jar;C:\Users\Chaitra.babar\.m2\repository\javax\persistence\javax.persistence-api\2.2\javax.persistence-api-2.2.jar;C:\Users\Chaitra.babar\.m2\repository\javax\xml\bind\jaxb-api\2.4.0-b180830.0359\jaxb-api-2.4.0-b180830.0359.jar;C:\Users\Chaitra.babar\.m2\repository\javax\activation\javax.activation-api\1.2.0\javax.activation-api-1.2.0.jar;C:\Users\Chaitra.babar\.m2\repository\com\sun\xml\bind\jaxb-core\3.0.2\jaxb-core-3.0.2.jar;C:\Users\Chaitra.babar\.m2\repository\jakarta\xml\bind\jakarta.xml.bind-api\3.0.1\jakarta.xml.bind-api-3.0.1.jar;C:\Users\Chaitra.babar\.m2\repository\com\sun\xml\bind\jaxb-impl\3.0.2\jaxb-impl-3.0.2.jar;C:\Users\Chaitra.babar\.m2\repository\javax\transaction\javax.transaction-api\1.3\javax.transaction-api-1.3.jar;C:\Users\Chaitra.babar\.m2\repository\io\github\qsy7\java\modules\browser\impl\0.1.2\impl-0.1.2.jar;C:\Users\Chaitra.babar\.m2\repository\io\github\qsy7\java\modules\file\api\service\0.1.2\service-0.1.2.jar;C:\Users\Chaitra.babar\.m2\repository\io\github\qsy7\java\modules\file\api\model\0.1.2\model-0.1.2.jar;C:\Users\Chaitra.babar\.m2\repository\io\github\qsy7\java\modules\file\impl\0.1.2\impl-0.1.2.jar;C:\Users\Chaitra.babar\.m2\repository\io\github\qsy7\java\modules\compression\api\service\0.1.2\service-0.1.2.jar;C:\Users\Chaitra.babar\.m2\repository\io\github\qsy7\java\modules\compression\api\model\0.1.2\model-0.1.2.jar;C:\Users\Chaitra.babar\.m2\repository\org\tukaani\xz\1.9\xz-1.9.jar;C:\Users\Chaitra.babar\.m2\repository\io\github\qsy7\java\modules\compression\modules\xz\impl\0.1.2\impl-0.1.2.jar;C:\Users\Chaitra.babar\.m2\repository\io\github\qsy7\java\modules\encryption\api\0.1.2\api-0.1.2.jar;C:\Users\Chaitra.babar\.m2\repository\io\github\qsy7\java\modules\encryption\impl\0.1.2\impl-0.1.2.jar;C:\Users\Chaitra.babar\.m2\repository\org\apache\commons\commons-text\1.9\commons-text-1.9.jar;C:\Users\Chaitra.babar\.m2\repository\org\apache\commons\commons-crypto\1.1.0\commons-crypto-1.1.0.jar;C:\Users\Chaitra.babar\.m2\repository\io\github\qsy7\java\infrastructure\inject\core\0.1.2\core-0.1.2.jar;C:\Users\Chaitra.babar\.m2\repository\javax\inject\javax.inject\1\javax.inject-1.jar;C:\Users\Chaitra.babar\.m2\repository\io\github\qsy7\java\infrastructure\property\impl\0.1.2\impl-0.1.2.jar;C:\Users\Chaitra.babar\.m2\repository\io\github\qsy7\java\aspects\logging\api\0.1.2\api-0.1.2.jar;C:\Users\Chaitra.babar\.m2\repository\javax\enterprise\cdi-api\2.0.SP1\cdi-api-2.0.SP1.jar;C:\Users\Chaitra.babar\.m2\repository\javax\el\javax.el-api\3.0.0\javax.el-api-3.0.0.jar;C:\Users\Chaitra.babar\.m2\repository\javax\interceptor\javax.interceptor-api\1.2\javax.interceptor-api-1.2.jar;C:\Users\Chaitra.babar\.m2\repository\io\github\qsy7\java\infrastructure\property\modules\environment\0.1.2\environment-0.1.2.jar;C:\Users\Chaitra.babar\.m2\repository\io\github\qsy7\java\infrastructure\property\modules\manifest\0.1.2\manifest-0.1.2.jar;C:\Users\Chaitra.babar\.m2\repository\com\jcabi\jcabi-manifests\1.1\jcabi-manifests-1.1.jar;C:\Users\Chaitra.babar\.m2\repository\com\jcabi\jcabi-log\0.14\jcabi-log-0.14.jar;C:\Users\Chaitra.babar\.m2\repository\io\github\qsy7\java\modules\shell\api\model\0.1.2\model-0.1.2.jar;C:\Users\Chaitra.babar\.m2\repository\io\github\qsy7\java\infrastructure\datastore\impl\0.1.2\impl-0.1.2.jar;C:\Users\Chaitra.babar\.m2\repository\com\google\inject\extensions\guice-multibindings\4.2.2\guice-multibindings-4.2.2.jar;C:\Users\Chaitra.babar\.m2\repository\com\google\inject\guice\4.2.2\guice-4.2.2.jar;C:\Users\Chaitra.babar\.m2\repository\aopalliance\aopalliance\1.0\aopalliance-1.0.jar;C:\Users\Chaitra.babar\.m2\repository\com\machinepublishers\jbrowserdriver\1.1.1\jbrowserdriver-1.1.1.jar;C:\Users\Chaitra.babar\.m2\repository\org\apache\httpcomponents\httpclient-cache\4.5.10\httpclient-cache-4.5.10.jar;C:\Users\Chaitra.babar\.m2\repository\org\seleniumhq\selenium\selenium-server\4.0.0-alpha-2\selenium-server-4.0.0-alpha-2.jar;C:\Users\Chaitra.babar\.m2\repository\org\zeroturnaround\zt-process-killer\1.10\zt-process-killer-1.10.jar;C:\Users\Chaitra.babar\.m2\repository\org\zeroturnaround\zt-exec\1.7\zt-exec-1.7.jar;C:\Users\Chaitra.babar\.m2\repository\io\github\classgraph\classgraph\4.8.47\classgraph-4.8.47.jar;C:\Users\Chaitra.babar\.m2\repository\commons-lang\commons-lang\2.6\commons-lang-2.6.jar;C:\Users\Chaitra.babar\.m2\repository\xml-apis\xml-apis\1.0.b2\xml-apis-1.0.b2.jar;C:\Users\Chaitra.babar\.m2\repository\com\aventstack\extentreports\4.0.9\extentreports-4.0.9.jar;C:\Users\Chaitra.babar\.m2\repository\org\freemarker\freemarker\2.3.23\freemarker-2.3.23.jar;C:\Users\Chaitra.babar\.m2\repository\org\mongodb\mongodb-driver\3.3.0\mongodb-driver-3.3.0.jar;C:\Users\Chaitra.babar\.m2\repository\org\mongodb\mongodb-driver-core\3.3.0\mongodb-driver-core-3.3.0.jar;C:\Users\Chaitra.babar\.m2\repository\org\mongodb\bson\3.3.0\bson-3.3.0.jar;C:\Users\Chaitra.babar\.m2\repository\org\apache\httpcomponents\httpclient\4.5.2\httpclient-4.5.2.jar;C:\Users\Chaitra.babar\.m2\repository\org\apache\httpcomponents\httpcore\4.4.4\httpcore-4.4.4.jar;C:\Users\Chaitra.babar\.m2\repository\commons-logging\commons-logging\1.2\commons-logging-1.2.jar;C:\Users\Chaitra.babar\.m2\repository\org\apache\httpcomponents\httpmime\4.5.2\httpmime-4.5.2.jar;C:\Users\Chaitra.babar\.m2\repository\org\apache\poi\poi\4.1.2\poi-4.1.2.jar;C:\Users\Chaitra.babar\.m2\repository\commons-codec\commons-codec\1.13\commons-codec-1.13.jar;C:\Users\Chaitra.babar\.m2\repository\org\apache\commons\commons-collections4\4.4\commons-collections4-4.4.jar;C:\Users\Chaitra.babar\.m2\repository\org\apache\commons\commons-math3\3.6.1\commons-math3-3.6.1.jar;C:\Users\Chaitra.babar\.m2\repository\com\zaxxer\SparseBitSet\1.2\SparseBitSet-1.2.jar;C:\Users\Chaitra.babar\.m2\repository\org\apache\poi\poi-ooxml\4.1.2\poi-ooxml-4.1.2.jar;C:\Users\Chaitra.babar\.m2\repository\org\apache\poi\poi-ooxml-schemas\4.1.2\poi-ooxml-schemas-4.1.2.jar;C:\Users\Chaitra.babar\.m2\repository\org\apache\xmlbeans\xmlbeans\3.1.0\xmlbeans-3.1.0.jar;C:\Users\Chaitra.babar\.m2\repository\org\apache\commons\commons-compress\1.19\commons-compress-1.19.jar;C:\Users\Chaitra.babar\.m2\repository\com\github\virtuald\curvesapi\1.06\curvesapi-1.06.jar;"/>
    <property name="sun.cpu.endian" value="little"/>
    <property name="user.home" value="C:\Users\Chaitra.babar"/>
    <property name="user.language" value="en"/>
    <property name="java.specification.vendor" value="Oracle Corporation"/>
    <property name="java.home" value="C:\Program Files\Java\jdk1.8.0_121\jre"/>
    <property name="basedir" value="C:\Users\Chaitra.babar\Desktop\CL\Maven Project Test Demo\Framework"/>
    <property name="file.separator" value="\"/>
    <property name="line.separator" value="&#10;"/>
    <property name="java.vm.specification.vendor" value="Oracle Corporation"/>
    <property name="java.specification.name" value="Java Platform API Specification"/>
    <property name="java.awt.graphicsenv" value="sun.awt.Win32GraphicsEnvironment"/>
    <property name="surefire.real.class.path" value="C:\Users\Chaitra.babar\AppData\Local\Temp\surefire5475146634880150530\surefirebooter4940801239467102936.jar"/>
    <property name="sun.boot.class.path" value="C:\Program Files\Java\jdk1.8.0_121\jre\lib\resources.jar;C:\Program Files\Java\jdk1.8.0_121\jre\lib\rt.jar;C:\Program Files\Java\jdk1.8.0_121\jre\lib\sunrsasign.jar;C:\Program Files\Java\jdk1.8.0_121\jre\lib\jsse.jar;C:\Program Files\Java\jdk1.8.0_121\jre\lib\jce.jar;C:\Program Files\Java\jdk1.8.0_121\jre\lib\charsets.jar;C:\Program Files\Java\jdk1.8.0_121\jre\lib\jfr.jar;C:\Program Files\Java\jdk1.8.0_121\jre\classes"/>
    <property name="user.script" value=""/>
    <property name="sun.management.compiler" value="HotSpot 64-Bit Tiered Compilers"/>
    <property name="java.runtime.version" value="1.8.0_121-b13"/>
    <property name="user.name" value="Chaitra.Babar"/>
    <property name="path.separator" value=";"/>
    <property name="os.version" value="10.0"/>
    <property name="java.endorsed.dirs" value="C:\Program Files\Java\jdk1.8.0_121\jre\lib\endorsed"/>
    <property name="java.runtime.name" value="Java(TM) SE Runtime Environment"/>
    <property name="file.encoding" value="Cp1252"/>
    <property name="java.vm.name" value="Java HotSpot(TM) 64-Bit Server VM"/>
    <property name="localRepository" value="C:\Users\Chaitra.babar\.m2\repository"/>
    <property name="java.vendor.url.bug" value="http://bugreport.sun.com/bugreport/"/>
    <property name="java.io.tmpdir" value="C:\Users\CHAITR~1.BAB\AppData\Local\Temp\"/>
    <property name="java.version" value="1.8.0_121"/>
    <property name="user.dir" value="C:\Users\Chaitra.babar\Desktop\CL\Maven Project Test Demo\Framework"/>
    <property name="os.arch" value="amd64"/>
    <property name="java.vm.specification.name" value="Java Virtual Machine Specification"/>
    <property name="java.awt.printerjob" value="sun.awt.windows.WPrinterJob"/>
    <property name="sun.os.patch.level" value=""/>
    <property name="java.library.path" value="C:\Program Files\Java\jdk1.8.0_121\jre\bin;C:\WINDOWS\Sun\Java\bin;C:\WINDOWS\system32;C:\WINDOWS;C:\Program Files\apache-maven-3.8.6/bin;C:\Program Files\Java\jdk1.8.0_121/bin;C:\Program Files\Java\jdk1.8.0_121/bin;C:\ProgramData\Oracle\Java\javapath;C:\Program Files (x86)\Intel\iCLS Client\;C:\Program Files\Intel\iCLS Client\;C:\WINDOWS\system32;C:\WINDOWS;C:\WINDOWS\System32\Wbem;C:\WINDOWS\System32\WindowsPowerShell\v1.0\;C:\WINDOWS\System32\OpenSSH\;C:\Program Files (x86)\Intel\Intel(R) Management Engine Components\DAL;C:\Program Files\Intel\Intel(R) Management Engine Components\DAL;C:\Program Files (x86)\Intel\Intel(R) Management Engine Components\IPT;C:\Program Files\Intel\Intel(R) Management Engine Components\IPT;C:\Program Files\TortoiseSVN\bin;C:\Program Files (x86)\CheckPoint\Endpoint Security\Endpoint Common\bin;C:\Program Files\nodejs\;C:\Program Files\apache-maven-3.8.6\bin;C:\Users\Chaitra.babar\AppData\Local\Microsoft\WindowsApps;C:\Users\Chaitra.babar\AppData\Roaming\npm;C:\Users\Chaitra.babar\AppData\Local\Programs\Git\cmd;."/>
    <property name="java.vm.info" value="mixed mode"/>
    <property name="java.vendor" value="Oracle Corporation"/>
    <property name="java.vm.version" value="25.121-b13"/>
    <property name="java.ext.dirs" value="C:\Program Files\Java\jdk1.8.0_121\jre\lib\ext;C:\WINDOWS\Sun\Java\lib\ext"/>
    <property name="sun.io.unicode.encoding" value="UnicodeLittle"/>
    <property name="java.class.version" value="52.0"/>
  </properties>
  <testcase name="deleteAllCoockies" classname="com.cl.testcases.SP_TC_01" time="1.59">
    <system-out><![CDATA[Setting up the reports and Test is getting ready
Setting Done - Test can be started
Tring to start browser and Getting application ready
Online Shopping site in India: Shop Online for Mobiles, Books, Watches, Shoes and More - Amazon.in
Browser and Application is up and running
Step1 Starts
cookies are deleted
Cleared All Coockies
Step1 ends
]]></system-out>
    <system-err><![CDATA[SLF4J: Failed to load class "org.slf4j.impl.StaticLoggerBinder".
SLF4J: Defaulting to no-operation (NOP) logger implementation
SLF4J: See http://www.slf4j.org/codes.html#StaticLoggerBinder for further details.
Starting ChromeDriver 104.0.5112.79 (3cf3e8c8a07d104b9e1260c910efb8f383285dc5-refs/branch-heads/5112@{#1307}) on port 62772
Only local connections are allowed.
Please see https://chromedriver.chromium.org/security-considerations for suggestions on keeping ChromeDriver safe.
ChromeDriver was started successfully.
Aug 16, 2022 3:31:02 PM org.openqa.selenium.remote.ProtocolHandshake createSession
INFO: Detected upstream dialect: W3C
Aug 16, 2022 3:31:03 PM org.openqa.selenium.devtools.CdpVersionFinder findNearestMatch
WARNING: Unable to find an exact match for CDP version 104, so returning the closest version found: 103
Aug 16, 2022 3:31:03 PM org.openqa.selenium.devtools.CdpVersionFinder findNearestMatch
INFO: Found CDP implementation for version 104 of 103
]]></system-err>
  </testcase>
  <testcase name="mouseHover" classname="com.cl.testcases.SP_TC_01" time="1.53">
    <system-out><![CDATA[Test is about to end
Screenshot Captured
Test Completed >>>> Reports Generated
Step2 Starts
Step2 ends
]]></system-out>
  </testcase>
  <testcase name="clickOnSignInCTA" classname="com.cl.testcases.SP_TC_01" time="30.054">
    <failure message="no such element: Unable to locate element: {&quot;method&quot;:&quot;xpath&quot;,&quot;selector&quot;:&quot;(//span[@class=&apos;nav-action-inner&apos;])[2]&quot;}&#10;  (Session info: chrome=104.0.5112.81)&#10;For documentation on this error, please visit: https://selenium.dev/exceptions/#no_such_element&#10;Build info: version: &apos;4.3.0&apos;, revision: &apos;a4995e2c09*&apos;&#10;System info: host: &apos;VDC01DLAP0359&apos;, ip: &apos;172.16.192.37&apos;, os.name: &apos;Windows 10&apos;, os.arch: &apos;amd64&apos;, os.version: &apos;10.0&apos;, java.version: &apos;1.8.0_121&apos;&#10;Driver info: org.openqa.selenium.chrome.ChromeDriver&#10;Command: [33da360aedc90c69548e6536aa4051cb, findElement {using=xpath, value=(//span[@class=&apos;nav-action-inner&apos;])[2]}]&#10;Capabilities {acceptInsecureCerts: false, browserName: chrome, browserVersion: 104.0.5112.81, chrome: {chromedriverVersion: 104.0.5112.79 (3cf3e8c8a07d..., userDataDir: C:\Users\CHAITR~1.BAB\AppDa...}, goog:chromeOptions: {debuggerAddress: localhost:59021}, networkConnectionEnabled: false, pageLoadStrategy: normal, platformName: WINDOWS, proxy: Proxy(), se:cdp: ws://localhost:59021/devtoo..., se:cdpVersion: 104.0.5112.81, setWindowRect: true, strictFileInteractability: false, timeouts: {implicit: 0, pageLoad: 300000, script: 30000}, unhandledPromptBehavior: dismiss and notify, webauthn:extension:credBlob: true, webauthn:extension:largeBlob: true, webauthn:virtualAuthenticators: true}&#10;Session ID: 33da360aedc90c69548e6536aa4051cb" type="org.openqa.selenium.NoSuchElementException"><![CDATA[org.openqa.selenium.NoSuchElementException: 
no such element: Unable to locate element: {"method":"xpath","selector":"(//span[@class='nav-action-inner'])[2]"}
  (Session info: chrome=104.0.5112.81)
For documentation on this error, please visit: https://selenium.dev/exceptions/#no_such_element
Build info: version: '4.3.0', revision: 'a4995e2c09*'
System info: host: 'VDC01DLAP0359', ip: '172.16.192.37', os.name: 'Windows 10', os.arch: 'amd64', os.version: '10.0', java.version: '1.8.0_121'
Driver info: org.openqa.selenium.chrome.ChromeDriver
Command: [33da360aedc90c69548e6536aa4051cb, findElement {using=xpath, value=(//span[@class='nav-action-inner'])[2]}]
Capabilities {acceptInsecureCerts: false, browserName: chrome, browserVersion: 104.0.5112.81, chrome: {chromedriverVersion: 104.0.5112.79 (3cf3e8c8a07d..., userDataDir: C:\Users\CHAITR~1.BAB\AppDa...}, goog:chromeOptions: {debuggerAddress: localhost:59021}, networkConnectionEnabled: false, pageLoadStrategy: normal, platformName: WINDOWS, proxy: Proxy(), se:cdp: ws://localhost:59021/devtoo..., se:cdpVersion: 104.0.5112.81, setWindowRect: true, strictFileInteractability: false, timeouts: {implicit: 0, pageLoad: 300000, script: 30000}, unhandledPromptBehavior: dismiss and notify, webauthn:extension:credBlob: true, webauthn:extension:largeBlob: true, webauthn:virtualAuthenticators: true}
Session ID: 33da360aedc90c69548e6536aa4051cb
	at com.cl.testcases.SP_TC_01.clickOnSignInCTA(SP_TC_01.java:44)
]]></failure>
    <system-out><![CDATA[Test is about to end
Screenshot Captured
Test Completed >>>> Reports Generated
Step3 Starts
]]></system-out>
  </testcase>
  <testcase name="clickOnEmailIdTextField" classname="com.cl.testcases.SP_TC_01" time="0.191">
    <system-out><![CDATA[Test is about to end
Screenshot Captured
Test Completed >>>> Reports Generated
Step4 Starts
Successfully clicked the button 
User successufully clicked on the Email ID field
Step4 ends
]]></system-out>
  </testcase>
  <testcase name="enterEmailIdOnTextField" classname="com.cl.testcases.SP_TC_01" time="0.241">
    <system-out><![CDATA[Test is about to end
Screenshot Captured
Test Completed >>>> Reports Generated
Step5 Starts
Email id is fetched from the excel sheet successfully
Step5 ends
]]></system-out>
  </testcase>
  <testcase name="clickOnContinueCTA" classname="com.cl.testcases.SP_TC_01" time="2.418">
    <system-out><![CDATA[Test is about to end
Screenshot Captured
Test Completed >>>> Reports Generated
Step6 Starts
User successufully clicked on the Continue CTA
Successfully clicked the button 
Step6 ends
]]></system-out>
  </testcase>
  <testcase name="clickOnPasswordTextField" classname="com.cl.testcases.SP_TC_01" time="4.16">
    <system-out><![CDATA[Test is about to end
Screenshot Captured
Test Completed >>>> Reports Generated
Step7 Starts
User successufully clicked on the Password field
Successfully clicked the button 
Step7 ends
]]></system-out>
  </testcase>
  <testcase name="enterpasswordOnTextField" classname="com.cl.testcases.SP_TC_01" time="0.316">
    <system-out><![CDATA[Test is about to end
Screenshot Captured
Test Completed >>>> Reports Generated
Step8 Starts
Password Data fetched from the excel sheet successuly
Step8 ends
]]></system-out>
  </testcase>
  <testcase name="clickOnTheSignInCTA" classname="com.cl.testcases.SP_TC_01" time="4.967">
    <failure message="Cannot find elements when the XPath is null." type="java.lang.IllegalArgumentException"><![CDATA[java.lang.IllegalArgumentException: Cannot find elements when the XPath is null.
	at com.cl.testcases.SP_TC_01.clickOnTheSignInCTA(SP_TC_01.java:119)
]]></failure>
    <system-out><![CDATA[Test is about to end
Screenshot Captured
Test Completed >>>> Reports Generated
Step9 Starts
Successfully clicked the button 
HomePage Title : Online Shopping site in India: Shop Online for Mobiles, Books, Watches, Shoes and More - Amazon.in
]]></system-out>
  </testcase>
</testsuite>